04-Nov-2024 16:05:25.286 INFO [main] org.apache.catalina.startup.VersionLoggerListener.log Server version name:   Apache Tomcat/9.0.82
04-Nov-2024 16:05:25.301 INFO [main] org.apache.catalina.startup.VersionLoggerListener.log Server built:          Oct 11 2023 13:15:08 UTC
04-Nov-2024 16:05:25.302 INFO [main] org.apache.catalina.startup.VersionLoggerListener.log Server version number: 9.0.82.0
04-Nov-2024 16:05:25.303 INFO [main] org.apache.catalina.startup.VersionLoggerListener.log OS Name:               Windows 10
04-Nov-2024 16:05:25.303 INFO [main] org.apache.catalina.startup.VersionLoggerListener.log OS Version:            10.0
04-Nov-2024 16:05:25.304 INFO [main] org.apache.catalina.startup.VersionLoggerListener.log Architecture:          amd64
04-Nov-2024 16:05:25.304 INFO [main] org.apache.catalina.startup.VersionLoggerListener.log Java Home:             C:\Program Files\Microsoft\jdk-17.0.3.7-hotspot
04-Nov-2024 16:05:25.304 INFO [main] org.apache.catalina.startup.VersionLoggerListener.log JVM Version:           17.0.3+7-LTS
04-Nov-2024 16:05:25.304 INFO [main] org.apache.catalina.startup.VersionLoggerListener.log JVM Vendor:            Microsoft
04-Nov-2024 16:05:25.305 INFO [main] org.apache.catalina.startup.VersionLoggerListener.log CATALINA_BASE:         C:\Users\Mirjam\Desktop\MAVEN_PROJECT\Doctor2
04-Nov-2024 16:05:25.305 INFO [main] org.apache.catalina.startup.VersionLoggerListener.log CATALINA_HOME:         C:\Program Files\apache-tomcat-9.0.82
04-Nov-2024 16:05:25.360 INFO [main] org.apache.catalina.startup.VersionLoggerListener.log Command line argument: --add-opens=java.base/java.lang=ALL-UNNAMED
04-Nov-2024 16:05:25.361 INFO [main] org.apache.catalina.startup.VersionLoggerListener.log Command line argument: --add-opens=java.base/java.io=ALL-UNNAMED
04-Nov-2024 16:05:25.362 INFO [main] org.apache.catalina.startup.VersionLoggerListener.log Command line argument: --add-opens=java.base/java.util=ALL-UNNAMED
04-Nov-2024 16:05:25.362 INFO [main] org.apache.catalina.startup.VersionLoggerListener.log Command line argument: --add-opens=java.base/java.util.concurrent=ALL-UNNAMED
04-Nov-2024 16:05:25.364 INFO [main] org.apache.catalina.startup.VersionLoggerListener.log Command line argument: --add-opens=java.rmi/sun.rmi.transport=ALL-UNNAMED
04-Nov-2024 16:05:25.364 INFO [main] org.apache.catalina.startup.VersionLoggerListener.log Command line argument: -Dcatalina.home=C:\Program Files\apache-tomcat-9.0.82
04-Nov-2024 16:05:25.366 INFO [main] org.apache.catalina.startup.VersionLoggerListener.log Command line argument: -Dcatalina.base=C:\Users\Mirjam\Desktop\MAVEN_PROJECT\Doctor2
04-Nov-2024 16:05:25.367 INFO [main] org.apache.catalina.startup.VersionLoggerListener.log Command line argument: -Djava.io.tmpdir=C:\Users\Mirjam\Desktop\MAVEN_PROJECT\Doctor2\temp
04-Nov-2024 16:05:25.367 INFO [main] org.apache.catalina.startup.VersionLoggerListener.log Command line argument: -Djava.util.logging.config.file=C:\Users\Mirjam\Desktop\MAVEN_PROJECT\Doctor2\conf\logging.properties
04-Nov-2024 16:05:25.367 INFO [main] org.apache.catalina.startup.VersionLoggerListener.log Command line argument: -Djava.util.logging.manager=org.apache.juli.ClassLoaderLogManager
04-Nov-2024 16:05:25.368 INFO [main] org.apache.catalina.startup.VersionLoggerListener.log Command line argument: -javaagent:C:\Program Files\JetBrains\IntelliJ IDEA Community Edition 2022.1.2\lib\idea_rt.jar=56620:C:\Program Files\JetBrains\IntelliJ IDEA Community Edition 2022.1.2\bin
04-Nov-2024 16:05:25.368 INFO [main] org.apache.catalina.startup.VersionLoggerListener.log Command line argument: -Dfile.encoding=UTF-8
04-Nov-2024 16:05:25.392 INFO [main] org.apache.catalina.core.AprLifecycleListener.lifecycleEvent Loaded Apache Tomcat Native library [1.2.39] using APR version [1.7.4].
04-Nov-2024 16:05:25.392 INFO [main] org.apache.catalina.core.AprLifecycleListener.lifecycleEvent APR capabilities: IPv6 [true], sendfile [true], accept filters [false], random [true], UDS [true].
04-Nov-2024 16:05:25.393 INFO [main] org.apache.catalina.core.AprLifecycleListener.lifecycleEvent APR/OpenSSL configuration: useAprConnector [false], useOpenSSL [true]
04-Nov-2024 16:05:25.466 INFO [main] org.apache.catalina.core.AprLifecycleListener.initializeSSL OpenSSL successfully initialized [OpenSSL 3.0.11 19 Sep 2023]
04-Nov-2024 16:05:26.573 INFO [main] org.apache.coyote.AbstractProtocol.init Initializing ProtocolHandler ["http-nio-8080"]
04-Nov-2024 16:05:26.620 INFO [main] org.apache.catalina.startup.Catalina.load Server initialization in [2297] milliseconds
04-Nov-2024 16:05:26.740 INFO [main] org.apache.catalina.core.StandardService.startInternal Starting service [Catalina]
04-Nov-2024 16:05:26.740 INFO [main] org.apache.catalina.core.StandardEngine.startInternal Starting Servlet engine: [Apache Tomcat/9.0.82]
04-Nov-2024 16:05:26.762 INFO [main] org.apache.catalina.startup.HostConfig.deployDescriptor Deploying deployment descriptor [C:\Users\Mirjam\Desktop\MAVEN_PROJECT\Doctor2\conf\Catalina\localhost\Doctor2.xml]
04-Nov-2024 16:05:31.189 INFO [main] org.apache.jasper.servlet.TldScanner.scanJars At least one JAR was scanned for TLDs yet contained no TLDs. Enable debug logging for this logger for a complete list of JARs that were scanned but no TLDs were found in them. Skipping unneeded JARs during scanning can improve startup time and JSP compilation time.
04-Nov-2024 16:05:31.377 INFO [main] org.apache.catalina.startup.HostConfig.deployDescriptor Deployment of deployment descriptor [C:\Users\Mirjam\Desktop\MAVEN_PROJECT\Doctor2\conf\Catalina\localhost\Doctor2.xml] has finished in [4,614] ms
04-Nov-2024 16:05:31.386 INFO [main] org.apache.coyote.AbstractProtocol.start Starting ProtocolHandler ["http-nio-8080"]
04-Nov-2024 16:05:31.522 INFO [main] org.apache.catalina.startup.Catalina.start Server startup in [4902] milliseconds
04-Nov-2024 16:07:56.609 INFO [Thread-1] org.apache.coyote.AbstractProtocol.pause Pausing ProtocolHandler ["http-nio-8080"]
04-Nov-2024 16:07:56.625 INFO [Thread-1] org.apache.catalina.core.StandardService.stopInternal Stopping service [Catalina]
04-Nov-2024 16:07:56.658 WARNING [Thread-1] org.apache.catalina.loader.WebappClassLoaderBase.clearReferencesJdbc The web application [Doctor2] registered the JDBC driver [org.sqlite.JDBC] but failed to unregister it when the web application was stopped. To prevent a memory leak, the JDBC Driver has been forcibly unregistered.
04-Nov-2024 16:07:56.662 SEVERE [Thread-1] org.apache.catalina.loader.WebappClassLoaderBase.checkThreadLocalMapForLeaks The web application [Doctor2] created a ThreadLocal with key of type [java.lang.ThreadLocal] (value [java.lang.ThreadLocal@36e71932]) and a value of type [org.apache.cxf.BusFactory.BusHolder] (value [org.apache.cxf.BusFactory$BusHolder@4c3b2f0a]) but failed to remove it when the web application was stopped. Threads are going to be renewed over time to try and avoid a probable memory leak.
04-Nov-2024 16:07:56.675 INFO [Thread-1] org.apache.coyote.AbstractProtocol.stop Stopping ProtocolHandler ["http-nio-8080"]
04-Nov-2024 16:07:56.688 INFO [Thread-1] org.apache.coyote.AbstractProtocol.destroy Destroying ProtocolHandler ["http-nio-8080"]
04-Nov-2024 16:13:58.735 INFO [main] org.apache.catalina.startup.VersionLoggerListener.log Server version name:   Apache Tomcat/9.0.82
04-Nov-2024 16:13:58.744 INFO [main] org.apache.catalina.startup.VersionLoggerListener.log Server built:          Oct 11 2023 13:15:08 UTC
04-Nov-2024 16:13:58.746 INFO [main] org.apache.catalina.startup.VersionLoggerListener.log Server version number: 9.0.82.0
04-Nov-2024 16:13:58.746 INFO [main] org.apache.catalina.startup.VersionLoggerListener.log OS Name:               Windows 10
04-Nov-2024 16:13:58.746 INFO [main] org.apache.catalina.startup.VersionLoggerListener.log OS Version:            10.0
04-Nov-2024 16:13:58.746 INFO [main] org.apache.catalina.startup.VersionLoggerListener.log Architecture:          amd64
04-Nov-2024 16:13:58.747 INFO [main] org.apache.catalina.startup.VersionLoggerListener.log Java Home:             C:\Program Files\Microsoft\jdk-17.0.3.7-hotspot
04-Nov-2024 16:13:58.748 INFO [main] org.apache.catalina.startup.VersionLoggerListener.log JVM Version:           17.0.3+7-LTS
04-Nov-2024 16:13:58.748 INFO [main] org.apache.catalina.startup.VersionLoggerListener.log JVM Vendor:            Microsoft
04-Nov-2024 16:13:58.749 INFO [main] org.apache.catalina.startup.VersionLoggerListener.log CATALINA_BASE:         C:\Users\Mirjam\Desktop\MAVEN_PROJECT\Doctor2
04-Nov-2024 16:13:58.750 INFO [main] org.apache.catalina.startup.VersionLoggerListener.log CATALINA_HOME:         C:\Program Files\apache-tomcat-9.0.82
04-Nov-2024 16:13:58.775 INFO [main] org.apache.catalina.startup.VersionLoggerListener.log Command line argument: --add-opens=java.base/java.lang=ALL-UNNAMED
04-Nov-2024 16:13:58.775 INFO [main] org.apache.catalina.startup.VersionLoggerListener.log Command line argument: --add-opens=java.base/java.io=ALL-UNNAMED
04-Nov-2024 16:13:58.776 INFO [main] org.apache.catalina.startup.VersionLoggerListener.log Command line argument: --add-opens=java.base/java.util=ALL-UNNAMED
04-Nov-2024 16:13:58.776 INFO [main] org.apache.catalina.startup.VersionLoggerListener.log Command line argument: --add-opens=java.base/java.util.concurrent=ALL-UNNAMED
04-Nov-2024 16:13:58.776 INFO [main] org.apache.catalina.startup.VersionLoggerListener.log Command line argument: --add-opens=java.rmi/sun.rmi.transport=ALL-UNNAMED
04-Nov-2024 16:13:58.776 INFO [main] org.apache.catalina.startup.VersionLoggerListener.log Command line argument: -Dcatalina.home=C:\Program Files\apache-tomcat-9.0.82
04-Nov-2024 16:13:58.777 INFO [main] org.apache.catalina.startup.VersionLoggerListener.log Command line argument: -Dcatalina.base=C:\Users\Mirjam\Desktop\MAVEN_PROJECT\Doctor2
04-Nov-2024 16:13:58.777 INFO [main] org.apache.catalina.startup.VersionLoggerListener.log Command line argument: -Djava.io.tmpdir=C:\Users\Mirjam\Desktop\MAVEN_PROJECT\Doctor2\temp
04-Nov-2024 16:13:58.778 INFO [main] org.apache.catalina.startup.VersionLoggerListener.log Command line argument: -Djava.util.logging.config.file=C:\Users\Mirjam\Desktop\MAVEN_PROJECT\Doctor2\conf\logging.properties
04-Nov-2024 16:13:58.778 INFO [main] org.apache.catalina.startup.VersionLoggerListener.log Command line argument: -Djava.util.logging.manager=org.apache.juli.ClassLoaderLogManager
04-Nov-2024 16:13:58.780 INFO [main] org.apache.catalina.startup.VersionLoggerListener.log Command line argument: -javaagent:C:\Program Files\JetBrains\IntelliJ IDEA Community Edition 2022.1.2\lib\idea_rt.jar=56689:C:\Program Files\JetBrains\IntelliJ IDEA Community Edition 2022.1.2\bin
04-Nov-2024 16:13:58.781 INFO [main] org.apache.catalina.startup.VersionLoggerListener.log Command line argument: -Dfile.encoding=UTF-8
04-Nov-2024 16:13:58.805 INFO [main] org.apache.catalina.core.AprLifecycleListener.lifecycleEvent Loaded Apache Tomcat Native library [1.2.39] using APR version [1.7.4].
04-Nov-2024 16:13:58.805 INFO [main] org.apache.catalina.core.AprLifecycleListener.lifecycleEvent APR capabilities: IPv6 [true], sendfile [true], accept filters [false], random [true], UDS [true].
04-Nov-2024 16:13:58.805 INFO [main] org.apache.catalina.core.AprLifecycleListener.lifecycleEvent APR/OpenSSL configuration: useAprConnector [false], useOpenSSL [true]
04-Nov-2024 16:13:58.861 INFO [main] org.apache.catalina.core.AprLifecycleListener.initializeSSL OpenSSL successfully initialized [OpenSSL 3.0.11 19 Sep 2023]
04-Nov-2024 16:13:59.746 INFO [main] org.apache.coyote.AbstractProtocol.init Initializing ProtocolHandler ["http-nio-8080"]
04-Nov-2024 16:13:59.791 INFO [main] org.apache.catalina.startup.Catalina.load Server initialization in [1721] milliseconds
04-Nov-2024 16:13:59.912 INFO [main] org.apache.catalina.core.StandardService.startInternal Starting service [Catalina]
04-Nov-2024 16:13:59.913 INFO [main] org.apache.catalina.core.StandardEngine.startInternal Starting Servlet engine: [Apache Tomcat/9.0.82]
04-Nov-2024 16:13:59.937 INFO [main] org.apache.catalina.startup.HostConfig.deployDescriptor Deploying deployment descriptor [C:\Users\Mirjam\Desktop\MAVEN_PROJECT\Doctor2\conf\Catalina\localhost\Doctor2.xml]
04-Nov-2024 16:14:04.073 INFO [main] org.apache.jasper.servlet.TldScanner.scanJars At least one JAR was scanned for TLDs yet contained no TLDs. Enable debug logging for this logger for a complete list of JARs that were scanned but no TLDs were found in them. Skipping unneeded JARs during scanning can improve startup time and JSP compilation time.
04-Nov-2024 16:14:04.235 INFO [main] org.apache.catalina.startup.HostConfig.deployDescriptor Deployment of deployment descriptor [C:\Users\Mirjam\Desktop\MAVEN_PROJECT\Doctor2\conf\Catalina\localhost\Doctor2.xml] has finished in [4,297] ms
04-Nov-2024 16:14:04.241 INFO [main] org.apache.coyote.AbstractProtocol.start Starting ProtocolHandler ["http-nio-8080"]
04-Nov-2024 16:14:04.440 INFO [main] org.apache.catalina.startup.Catalina.start Server startup in [4647] milliseconds
04-Nov-2024 16:19:30.700 INFO [Thread-1] org.apache.coyote.AbstractProtocol.pause Pausing ProtocolHandler ["http-nio-8080"]
04-Nov-2024 16:19:31.079 INFO [Thread-1] org.apache.catalina.core.StandardService.stopInternal Stopping service [Catalina]
04-Nov-2024 16:19:31.506 WARNING [Thread-1] org.apache.catalina.loader.WebappClassLoaderBase.clearReferencesJdbc The web application [Doctor2] registered the JDBC driver [org.sqlite.JDBC] but failed to unregister it when the web application was stopped. To prevent a memory leak, the JDBC Driver has been forcibly unregistered.
04-Nov-2024 16:19:31.537 SEVERE [Thread-1] org.apache.catalina.loader.WebappClassLoaderBase.checkThreadLocalMapForLeaks The web application [Doctor2] created a ThreadLocal with key of type [java.lang.ThreadLocal] (value [java.lang.ThreadLocal@bfe4277]) and a value of type [org.apache.cxf.BusFactory.BusHolder] (value [org.apache.cxf.BusFactory$BusHolder@71e1056d]) but failed to remove it when the web application was stopped. Threads are going to be renewed over time to try and avoid a probable memory leak.
04-Nov-2024 16:19:31.597 INFO [Thread-1] org.apache.coyote.AbstractProtocol.stop Stopping ProtocolHandler ["http-nio-8080"]
04-Nov-2024 16:19:31.693 INFO [Thread-1] org.apache.coyote.AbstractProtocol.destroy Destroying ProtocolHandler ["http-nio-8080"]
